commit 493eaff
Author: Da Xu <cribl-test@cribl.io>
Date:   Fri Mar 29 10:03:06 2024 -0700

    admin admin: abcd

 groups/default/local/cribl/pipelines/route.yml | 2 +-
 1 file changed, 1 insertion(+), 1 deletion(-)

commit d67eb3b
Author: Da Xu <cribl-test@cribl.io>
Date:   Fri Mar 29 09:56:27 2024 -0700

    admin admin: err

 groups/default/local/cribl/pipelines/route.yml | 15 +++++++++++++++
 1 file changed, 15 insertions(+)

commit d7a725e
Author: Da Xu <cribl-test@cribl.io>
Date:   Fri Mar 29 09:54:42 2024 -0700

    admin admin: commit

 local/cribl/auth/676f6174733432.dat | 2 +-
 1 file changed, 1 insertion(+), 1 deletion(-)

commit 61bce1b
Author: Da Xu <cribl-test@cribl.io>
Date:   Fri Mar 29 09:48:58 2024 -0700

    admin admin: abcd

 local/cribl/groups.yml | 1 +
 1 file changed, 1 insertion(+)

commit e8e7bee
Author: Da Xu <cribl-test@cribl.io>
Date:   Fri Mar 29 09:39:56 2024 -0700

    admin admin: abcd

 groups/default/local/cribl/auth/cribl.secret       |  1 +
 groups/default/local/cribl/auth/users.json         |  1 +
 groups/default/local/cribl/datasets.yml            |  1 +
 groups/default/package.json                        |  1 +
 groups/default_fleet/local/cribl/auth/cribl.secret |  1 +
 groups/default_fleet/local/cribl/auth/users.json   |  1 +
 groups/default_fleet/local/edge/datasets.yml       |  1 +
 groups/default_fleet/package.json                  |  1 +
 local/cribl/auth/676f6174733432.dat                |  2 +-
 local/cribl/auth/users.json                        |  1 +
 local/cribl/groups.yml                             |  7 ++++
 local/cribl/notifications.yml                      |  1 +
 local/cribl/search-usage-groups.yml                | 48 ++++++++++++++++++++++
 package.json                                       |  1 +
 14 files changed, 67 insertions(+), 1 deletion(-)

commit 080515d
Author: Da Xu <cribl-test@cribl.io>
Date:   Fri Mar 29 09:39:21 2024 -0700

    create group default_fleet

 .../lookups/model_relative_entropy_top_domains.csv |   39 +
 .../data/lookups/service_names_port_numbers.csv    | 1434 ++++++++++++++++++++
 .../data/packs/HelloPacks/lookups/http_status.csv  |   41 +
 .../data/packs/HelloPacks/lookups/http_status.yml  |    2 +
 .../data/packs/HelloPacks/samples/6rt3ck.json      |    1 +
 .../lib/mdt_dialout/mdt_grpc_dialout.proto         |  216 +++
 .../lib/telemetry/telemetry.proto                  |  195 +++
 .../mdt-generic-device/manifest.json               |   18 +
 .../protobuf-libraries/opentelemetry/.gitignore    |    3 +
 .../proto/collector/logs/v1/logs_service.proto     |   48 +
 .../collector/metrics/v1/metrics_service.proto     |   45 +
 .../proto/collector/trace/v1/trace_service.proto   |   45 +
 .../lib/opentelemetry/proto/common/v1/common.proto |   81 ++
 .../lib/opentelemetry/proto/logs/v1/logs.proto     |  140 ++
 .../opentelemetry/proto/metrics/v1/metrics.proto   |  719 ++++++++++
 .../opentelemetry/proto/resource/v1/resource.proto |   34 +
 .../lib/opentelemetry/proto/trace/v1/trace.proto   |  326 +++++
 .../proto/trace/v1/trace_config.proto              |   78 ++
 .../protobuf-libraries/opentelemetry/manifest.json |  111 ++
 .../default_fleet/data/samples/apache_common.json  |    1 +
 .../default_fleet/data/samples/apache_error.json   |    1 +
 .../data/samples/appscope_metrics.json             |    1 +
 groups/default_fleet/data/samples/big_json.json    |    1 +
 .../default_fleet/data/samples/business_event.json |    1 +
 .../data/samples/model_driven_telemetry.json       |    7 +
 .../data/samples/palo_alto_traffic.json            |    1 +
 .../data/samples/parquet_compression.json          |    1 +
 .../data/samples/parquet_logical.json              |    1 +
 .../default_fleet/data/samples/parquet_nested.json |    1 +
 .../data/samples/parquet_primitives.json           |    1 +
 .../data/samples/parquet_repeated.json             |    6 +
 .../default_fleet/data/samples/sample_metrics.json |    1 +
 .../data/samples/sentinel_commonsecuritylog.json   |    1 +
 .../data/samples/sentinel_securityevents.json      |    1 +
 .../data/samples/sentinel_syslog.json              |    1 +
 .../data/samples/sentinel_windowsevents.json       |    1 +
 groups/default_fleet/data/samples/snmp-v1.json     |    1 +
 groups/default_fleet/data/samples/snmp-v2c.json    |    1 +
 groups/default_fleet/data/samples/snmp-v3.json     |    1 +
 groups/default_fleet/data/samples/syslog.json      |    1 +
 groups/default_fleet/data/samples/weblog.json      |    1 +
 groups/default_fleet/default/HelloPacks/README.md  |   45 +
 groups/default_fleet/default/HelloPacks/pack.yml   |    1 +
 .../default_fleet/default/HelloPacks/package.json  |    1 +
 .../pipelines/apache_sample_pipeline/conf.yml      |   44 +
 .../default/HelloPacks/pipelines/route.yml         |   21 +
 .../default_fleet/default/HelloPacks/samples.yml   |    6 +
 groups/default_fleet/default/cribl/appscope.yml    |  384 ++++++
 groups/default_fleet/default/cribl/breakers.yml    |  340 +++++
 .../cribl/collectors/azure_blob/conf.schema.json   |  132 ++
 .../collectors/azure_blob/conf.ui-schema.json      |   85 ++
 .../default/cribl/collectors/azure_blob/index.js   |  106 ++
 .../cribl/collectors/cribl_lake/conf.schema.json   |   17 +
 .../collectors/cribl_lake/conf.ui-schema.json      |   12 +
 .../default/cribl/collectors/cribl_lake/index.js   |   51 +
 .../cribl/collectors/database/conf.schema.json     |   76 ++
 .../cribl/collectors/database/conf.ui-schema.json  |   37 +
 .../default/cribl/collectors/database/index.js     |  176 +++
 .../cribl/collectors/filesystem/conf.schema.json   |   60 +
 .../collectors/filesystem/conf.ui-schema.json      |   38 +
 .../default/cribl/collectors/filesystem/index.js   |   90 ++
 .../google_cloud_storage/conf.schema.json          |  130 ++
 .../google_cloud_storage/conf.ui-schema.json       |   81 ++
 .../cribl/collectors/google_cloud_storage/index.js |  119 ++
 .../cribl/collectors/health_check/conf.schema.json |  840 ++++++++++++
 .../collectors/health_check/conf.ui-schema.json    |  215 +++
 .../default/cribl/collectors/health_check/index.js |   42 +
 .../collectors/office365_mgmt/conf.schema.json     |   53 +
 .../collectors/office365_mgmt/conf.ui-schema.json  |   11 +
 .../cribl/collectors/office365_mgmt/index.js       |  202 +++
 .../collectors/office365_service/conf.schema.json  |   34 +
 .../office365_service/conf.ui-schema.json          |   11 +
 .../cribl/collectors/office365_service/index.js    |   84 ++
 .../cribl/collectors/prometheus/conf.schema.json   |  348 +++++
 .../collectors/prometheus/conf.ui-schema.json      |  135 ++
 .../default/cribl/collectors/prometheus/index.js   |   63 +
 .../default/cribl/collectors/rest/conf.schema.json | 1205 ++++++++++++++++
 .../cribl/collectors/rest/conf.ui-schema.json      |  254 ++++
 .../default/cribl/collectors/rest/index.js         |   25 +
 .../default/cribl/collectors/s3/conf.schema.json   |  250 ++++
 .../cribl/collectors/s3/conf.ui-schema.json        |  134 ++
 .../default/cribl/collectors/s3/index.js           |   26 +
 .../cribl/collectors/script/conf.schema.json       |   55 +
 .../cribl/collectors/script/conf.ui-schema.json    |   30 +
 .../default/cribl/collectors/script/index.js       |  120 ++
 .../cribl/collectors/splunk/conf.schema.json       |  419 ++++++
 .../cribl/collectors/splunk/conf.ui-schema.json    |  141 ++
 .../default/cribl/collectors/splunk/index.js       |  109 ++
 .../default_fleet/default/cribl/conditions/README  |   42 +
 .../conditions/backpressure-dest/conf.schema.json  |   25 +
 .../backpressure-dest/conf.ui-schema.json          |    8 +
 .../cribl/conditions/backpressure-dest/index.js    |  110 ++
 .../cribl/conditions/high-volume/conf.schema.json  |   31 +
 .../conditions/high-volume/conf.ui-schema.json     |    8 +
 .../default/cribl/conditions/high-volume/index.js  |  109 ++
 .../cribl/conditions/license-expiration/index.js   |   14 +
 .../cribl/conditions/low-volume/conf.schema.json   |   31 +
 .../conditions/low-volume/conf.ui-schema.json      |    8 +
 .../default/cribl/conditions/low-volume/index.js   |  109 ++
 .../cribl/conditions/no-data/conf.schema.json      |   25 +
 .../cribl/conditions/no-data/conf.ui-schema.json   |    8 +
 .../default/cribl/conditions/no-data/index.js      |  100 ++
 .../persistent-queue-usage/conf.schema.json        |   33 +
 .../persistent-queue-usage/conf.ui-schema.json     |    8 +
 .../conditions/persistent-queue-usage/index.js     |  109 ++
 .../cribl/conditions/search/conf.schema.json       |   42 +
 .../default/cribl/conditions/search/index.js       |   25 +
 .../conditions/unhealthy-dest/conf.schema.json     |   25 +
 .../conditions/unhealthy-dest/conf.ui-schema.json  |    8 +
 .../cribl/conditions/unhealthy-dest/index.js       |   98 ++
 groups/default_fleet/default/cribl/cribl.yml       |   26 +
 .../default/cribl/dataset-providers.yml            |   26 +
 groups/default_fleet/default/cribl/datasets.yml    |  110 ++
 .../default/cribl/email-templates.yml              |   76 ++
 .../default_fleet/default/cribl/executors/README   |   59 +
 .../cribl/executors/clear_pq/conf.schema.json      |   12 +
 .../default/cribl/executors/clear_pq/index.js      |   42 +
 .../executors/filesystem_search/conf.schema.json   |   68 +
 .../cribl/executors/filesystem_search/index.js     |  325 +++++
 .../executors/worker_upgrade/conf.schema.json      |   81 ++
 .../cribl/executors/worker_upgrade/index.js        |   86 ++
 groups/default_fleet/default/cribl/features.yml    |  210 +++
 .../default_fleet/default/cribl/fleet-mappings.yml |   14 +
 .../default_fleet/default/cribl/functions/README   |   50 +
 .../cribl/functions/aggregation/conf.schema.json   |  143 ++
 .../functions/aggregation/conf.ui-schema.json      |   88 ++
 .../default/cribl/functions/aggregation/index.js   |  125 ++
 .../functions/auto_timestamp/conf.schema.json      |   94 ++
 .../functions/auto_timestamp/conf.ui-schema.json   |   87 ++
 .../cribl/functions/auto_timestamp/index.js        |   66 +
 .../default/cribl/functions/cef/conf.schema.json   |   69 +
 .../cribl/functions/cef/conf.ui-schema.json        |  224 +++
 .../default/cribl/functions/cef/index.js           |   84 ++
 .../default/cribl/functions/chain/conf.schema.json |   11 +
 .../cribl/functions/chain/conf.ui-schema.json      |   10 +
 .../default/cribl/functions/chain/index.js         |   53 +
 .../default/cribl/functions/clone/conf.schema.json |   21 +
 .../cribl/functions/clone/conf.ui-schema.json      |   19 +
 .../default/cribl/functions/clone/index.js         |   60 +
 .../default/cribl/functions/code/conf.schema.json  |   37 +
 .../cribl/functions/code/conf.ui-schema.json       |   22 +
 .../default/cribl/functions/code/index.js          |   82 ++
 .../cribl/functions/comment/conf.schema.json       |   12 +
 .../cribl/functions/comment/conf.ui-schema.json    |    9 +
 .../default/cribl/functions/comment/index.js       |    8 +
 .../cribl/functions/distinct/conf.schema.json      |   31 +
 .../default/cribl/functions/distinct/index.js      |  331 +++++
 .../cribl/functions/dns_lookup/conf.schema.json    |  100 ++
 .../cribl/functions/dns_lookup/conf.ui-schema.json |   84 ++
 .../default/cribl/functions/dns_lookup/index.js    |  296 ++++
 .../default/cribl/functions/drop/index.js          |    5 +
 .../functions/dynamic_sampling/conf.schema.json    |   42 +
 .../functions/dynamic_sampling/conf.ui-schema.json |   14 +
 .../cribl/functions/dynamic_sampling/index.js      |  127 ++
 .../default/cribl/functions/eval/conf.schema.json  |   46 +
 .../cribl/functions/eval/conf.ui-schema.json       |   35 +
 .../default/cribl/functions/eval/index.js          |  135 ++
 .../cribl/functions/event_breaker/conf.schema.json |  286 ++++
 .../functions/event_breaker/conf.ui-schema.json    |  112 ++
 .../default/cribl/functions/event_breaker/index.js |  107 ++
 .../cribl/functions/eventstats/conf.schema.json    |   31 +
 .../cribl/functions/eventstats/conf.ui-schema.json |   12 +
 .../default/cribl/functions/eventstats/index.js    |  269 ++++
 .../cribl/functions/externaldata/conf.schema.json  |    6 +
 .../default/cribl/functions/externaldata/index.js  |   12 +
 .../cribl/functions/flatten/conf.schema.json       |   38 +
 .../cribl/functions/flatten/conf.ui-schema.json    |   15 +
 .../default/cribl/functions/flatten/index.js       |   77 ++
 .../cribl/functions/gen_stats/conf.schema.json     |   13 +
 .../default/cribl/functions/gen_stats/index.js     |  178 +++
 .../default/cribl/functions/geoip/conf.schema.json |   52 +
 .../cribl/functions/geoip/conf.ui-schema.json      |   32 +
 .../default/cribl/functions/geoip/index.js         |   76 ++
 .../default/cribl/functions/grok/conf.schema.json  |   35 +
 .../cribl/functions/grok/conf.ui-schema.json       |   22 +
 .../default/cribl/functions/grok/index.js          |   45 +
 .../default/cribl/functions/join/conf.schema.json  |   53 +
 .../cribl/functions/join/conf.ui-schema.json       |   22 +
 .../default/cribl/functions/join/index.js          |   21 +
 .../cribl/functions/json_unroll/conf.schema.json   |   17 +
 .../functions/json_unroll/conf.ui-schema.json      |    8 +
 .../default/cribl/functions/json_unroll/index.js   |   85 ++
 .../default/cribl/functions/limit/conf.schema.json |   14 +
 .../default/cribl/functions/limit/index.js         |   33 +
 .../cribl/functions/lookup/conf.schema.json        |  119 ++
 .../cribl/functions/lookup/conf.ui-schema.json     |   76 ++
 .../default/cribl/functions/lookup/index.js        |  132 ++
 .../default/cribl/functions/mask/conf.schema.json  |   78 ++
 .../cribl/functions/mask/conf.ui-schema.json       |   64 +
 .../default/cribl/functions/mask/index.js          |  157 +++
 .../cribl/functions/mv_expand/conf.schema.json     |   45 +
 .../default/cribl/functions/mv_expand/index.js     |  142 ++
 .../cribl/functions/notifications/conf.schema.json |   23 +
 .../default/cribl/functions/notifications/index.js |   34 +
 .../cribl/functions/notify/conf.schema.json        |   87 ++
 .../default/cribl/functions/notify/index.js        |  182 +++
 .../cribl/functions/numerify/conf.schema.json      |   57 +
 .../cribl/functions/numerify/conf.ui-schema.json   |   19 +
 .../default/cribl/functions/numerify/index.js      |   53 +
 .../cribl/functions/otlp_metrics/conf.schema.json  |   12 +
 .../default/cribl/functions/otlp_metrics/index.js  |  103 ++
 .../default/cribl/functions/pack/conf.schema.json  |   19 +
 .../default/cribl/functions/pack/index.js          |   39 +
 .../default/cribl/functions/pivot/conf.schema.json |   27 +
 .../default/cribl/functions/pivot/index.js         |  189 +++
 .../functions/publish_metrics/conf.schema.json     |   71 +
 .../functions/publish_metrics/conf.ui-schema.json  |   57 +
 .../cribl/functions/publish_metrics/index.js       |  136 ++
 .../default/cribl/functions/redis/conf.schema.json |  386 ++++++
 .../cribl/functions/redis/conf.ui-schema.json      |  149 ++
 .../default/cribl/functions/redis/index.js         |   26 +
 .../cribl/functions/regex_extract/conf.schema.json |   55 +
 .../functions/regex_extract/conf.ui-schema.json    |   39 +
 .../default/cribl/functions/regex_extract/index.js |  189 +++
 .../cribl/functions/regex_filter/conf.schema.json  |   35 +
 .../functions/regex_filter/conf.ui-schema.json     |   18 +
 .../default/cribl/functions/regex_filter/index.js  |   42 +
 .../cribl/functions/rename/conf.schema.json        |   55 +
 .../cribl/functions/rename/conf.ui-schema.json     |   39 +
 .../default/cribl/functions/rename/index.js        |  144 ++
 .../functions/rollup_metrics/conf.schema.json      |   28 +
 .../functions/rollup_metrics/conf.ui-schema.json   |   11 +
 .../cribl/functions/rollup_metrics/index.js        |   44 +
 .../cribl/functions/sampling/conf.schema.json      |   31 +
 .../cribl/functions/sampling/conf.ui-schema.json   |   18 +
 .../default/cribl/functions/sampling/index.js      |   48 +
 .../default/cribl/functions/send/conf.schema.json  |   52 +
 .../default/cribl/functions/send/index.js          |  206 +++
 .../default/cribl/functions/serde/conf.schema.json |  250 ++++
 .../cribl/functions/serde/conf.ui-schema.json      |  126 ++
 .../default/cribl/functions/serde/fence.json       |    9 +
 .../default/cribl/functions/serde/index.js         |  129 ++
 .../cribl/functions/serialize/conf.schema.json     |  113 ++
 .../cribl/functions/serialize/conf.ui-schema.json  |   39 +
 .../default/cribl/functions/serialize/index.js     |   77 ++
 .../default/cribl/functions/sort/conf.schema.json  |   34 +
 .../default/cribl/functions/sort/index.js          |  256 ++++
 .../default/cribl/functions/store/conf.schema.json |   65 +
 .../default/cribl/functions/store/index.js         |  329 +++++
 .../cribl/functions/suppress/conf.schema.json      |   51 +
 .../cribl/functions/suppress/conf.ui-schema.json   |   15 +
 .../default/cribl/functions/suppress/index.js      |  158 +++
 .../default/cribl/functions/tee/conf.schema.json   |   35 +
 .../cribl/functions/tee/conf.ui-schema.json        |   19 +
 .../default/cribl/functions/tee/index.js           |  178 +++
 .../functions/trim_timestamp/conf.schema.json      |   11 +
 .../functions/trim_timestamp/conf.ui-schema.json   |    5 +
 .../cribl/functions/trim_timestamp/index.js        |   32 +
 .../cribl/functions/unroll/conf.schema.json        |   20 +
 .../cribl/functions/unroll/conf.ui-schema.json     |    8 +
 .../default/cribl/functions/unroll/index.js        |   27 +
 .../cribl/functions/xml_unroll/conf.schema.json    |   29 +
 .../cribl/functions/xml_unroll/conf.ui-schema.json |   10 +
 .../default/cribl/functions/xml_unroll/index.js    |  124 ++
 .../default_fleet/default/cribl/grok-patterns/aws  |   14 +
 .../default/cribl/grok-patterns/core-patterns      |   95 ++
 .../default/cribl/grok-patterns/firewalls          |   91 ++
 .../default/cribl/grok-patterns/httpd              |   15 +
 .../default_fleet/default/cribl/grok-patterns/java |   17 +
 .../default/cribl/grok-patterns/linux-syslog       |   17 +
 groups/default_fleet/default/cribl/inputs.yml      |  154 +++
 groups/default_fleet/default/cribl/job-limits.yml  |    6 +
 groups/default_fleet/default/cribl/kms.yml         |    1 +
 groups/default_fleet/default/cribl/licenses.yml    |    1 +
 groups/default_fleet/default/cribl/limits.yml      |   25 +
 groups/default_fleet/default/cribl/logger.yml      |    7 +
 groups/default_fleet/default/cribl/mappings.yml    |   14 +
 groups/default_fleet/default/cribl/mdt-devices.yml |    8 +
 .../default/cribl/notification-templates.yml       |  153 +++
 .../default_fleet/default/cribl/notifications.yml  |    9 +
 groups/default_fleet/default/cribl/outputs.yml     |    6 +
 groups/default_fleet/default/cribl/package.json    |    4 +
 .../default/cribl/parquet-schemas.yml              |   14 +
 .../sample_compression_encoding.json               |  100 ++
 .../parquet-schemas/sample_logical_types.json      |   75 +
 .../cribl/parquet-schemas/sample_nested.json       |   30 +
 .../cribl/parquet-schemas/sample_parquet.json      |   20 +
 .../cribl/parquet-schemas/sample_primitive.json    |   28 +
 .../parquet-schemas/sample_repetition_type.json    |   19 +
 .../cribl/parquet-schemas/syslog_parquet.json      |   48 +
 groups/default_fleet/default/cribl/parsers.yml     |  374 +++++
 .../default/cribl/pipelines/cisco_asa/conf.yml     |   77 ++
 .../cribl/pipelines/cisco_estreamer/conf.yml       |   61 +
 .../cribl/pipelines/cribl_metrics_rollup/conf.yml  |   34 +
 .../default/cribl/pipelines/devnull/conf.yml       |    4 +
 .../default/cribl/pipelines/main/conf.yml          |   12 +
 .../cribl/pipelines/palo_alto_traffic/conf.yml     |   60 +
 .../default/cribl/pipelines/passthru/conf.yml      |    2 +
 .../cribl/pipelines/prometheus_metrics/conf.yml    |   36 +
 .../default/cribl/pipelines/wineventlogs/conf.yml  |   75 +
 groups/default_fleet/default/cribl/policies.yml    |  409 ++++++
 .../default/cribl/protobuf-libraries.yml           |   28 +
 .../default/cribl/redis-cache-limits.yml           |    6 +
 groups/default_fleet/default/cribl/regexes.yml     |  218 +++
 groups/default_fleet/default/cribl/roles.yml       |  174 +++
 groups/default_fleet/default/cribl/samples.yml     |  139 ++
 .../default_fleet/default/cribl/saved-queries.yml  |   15 +
 groups/default_fleet/default/cribl/schemas.yml     |    4 +
 .../default/cribl/schemas/cribl_internal.json      |   29 +
 .../default/cribl/schemas/sample_schema.json       |   23 +
 .../default_fleet/default/cribl/search-limits.yml  |   65 +
 .../default/cribl/search-usage-groups.yml          |   18 +
 groups/default_fleet/default/cribl/service.yml     |    9 +
 groups/default_fleet/default/cribl/vars.yml        |   42 +
 groups/default_fleet/default/edge/breakers.yml     |   18 +
 groups/default_fleet/default/edge/cribl.yml        |   36 +
 groups/default_fleet/default/edge/inputs.yml       |  100 ++
 groups/default_fleet/default/edge/job-limits.yml   |    2 +
 groups/default_fleet/default/edge/limits.yml       |    7 +
 groups/default_fleet/default/edge/package.json     |    4 +
 .../edge/pipelines/kubernetes_logs/conf.yml        |    8 +
 311 files changed, 25614 insertions(+)

commit 844b9b9
Author: Da Xu <cribl-test@cribl.io>
Date:   Fri Mar 29 09:39:21 2024 -0700

    create group default

 .../lookups/model_relative_entropy_top_domains.csv |   39 +
 .../data/lookups/service_names_port_numbers.csv    | 1434 ++++++++++++++++++++
 .../data/packs/HelloPacks/lookups/http_status.csv  |   41 +
 .../data/packs/HelloPacks/lookups/http_status.yml  |    2 +
 .../data/packs/HelloPacks/samples/6rt3ck.json      |    1 +
 .../lib/mdt_dialout/mdt_grpc_dialout.proto         |  216 +++
 .../lib/telemetry/telemetry.proto                  |  195 +++
 .../mdt-generic-device/manifest.json               |   18 +
 .../protobuf-libraries/opentelemetry/.gitignore    |    3 +
 .../proto/collector/logs/v1/logs_service.proto     |   48 +
 .../collector/metrics/v1/metrics_service.proto     |   45 +
 .../proto/collector/trace/v1/trace_service.proto   |   45 +
 .../lib/opentelemetry/proto/common/v1/common.proto |   81 ++
 .../lib/opentelemetry/proto/logs/v1/logs.proto     |  140 ++
 .../opentelemetry/proto/metrics/v1/metrics.proto   |  719 ++++++++++
 .../opentelemetry/proto/resource/v1/resource.proto |   34 +
 .../lib/opentelemetry/proto/trace/v1/trace.proto   |  326 +++++
 .../proto/trace/v1/trace_config.proto              |   78 ++
 .../protobuf-libraries/opentelemetry/manifest.json |  111 ++
 groups/default/data/samples/apache_common.json     |    1 +
 groups/default/data/samples/apache_error.json      |    1 +
 groups/default/data/samples/appscope_metrics.json  |    1 +
 groups/default/data/samples/big_json.json          |    1 +
 groups/default/data/samples/business_event.json    |    1 +
 .../data/samples/model_driven_telemetry.json       |    7 +
 groups/default/data/samples/palo_alto_traffic.json |    1 +
 .../default/data/samples/parquet_compression.json  |    1 +
 groups/default/data/samples/parquet_logical.json   |    1 +
 groups/default/data/samples/parquet_nested.json    |    1 +
 .../default/data/samples/parquet_primitives.json   |    1 +
 groups/default/data/samples/parquet_repeated.json  |    6 +
 groups/default/data/samples/sample_metrics.json    |    1 +
 .../data/samples/sentinel_commonsecuritylog.json   |    1 +
 .../data/samples/sentinel_securityevents.json      |    1 +
 groups/default/data/samples/sentinel_syslog.json   |    1 +
 .../data/samples/sentinel_windowsevents.json       |    1 +
 groups/default/data/samples/snmp-v1.json           |    1 +
 groups/default/data/samples/snmp-v2c.json          |    1 +
 groups/default/data/samples/snmp-v3.json           |    1 +
 groups/default/data/samples/syslog.json            |    1 +
 groups/default/data/samples/weblog.json            |    1 +
 groups/default/default/HelloPacks/README.md        |   45 +
 groups/default/default/HelloPacks/pack.yml         |    1 +
 groups/default/default/HelloPacks/package.json     |    1 +
 .../pipelines/apache_sample_pipeline/conf.yml      |   44 +
 .../default/default/HelloPacks/pipelines/route.yml |   21 +
 groups/default/default/HelloPacks/samples.yml      |    6 +
 groups/default/default/cribl/appscope.yml          |  384 ++++++
 groups/default/default/cribl/breakers.yml          |  340 +++++
 .../cribl/collectors/azure_blob/conf.schema.json   |  132 ++
 .../collectors/azure_blob/conf.ui-schema.json      |   85 ++
 .../default/cribl/collectors/azure_blob/index.js   |  106 ++
 .../cribl/collectors/cribl_lake/conf.schema.json   |   17 +
 .../collectors/cribl_lake/conf.ui-schema.json      |   12 +
 .../default/cribl/collectors/cribl_lake/index.js   |   51 +
 .../cribl/collectors/database/conf.schema.json     |   76 ++
 .../cribl/collectors/database/conf.ui-schema.json  |   37 +
 .../default/cribl/collectors/database/index.js     |  176 +++
 .../cribl/collectors/filesystem/conf.schema.json   |   60 +
 .../collectors/filesystem/conf.ui-schema.json      |   38 +
 .../default/cribl/collectors/filesystem/index.js   |   90 ++
 .../google_cloud_storage/conf.schema.json          |  130 ++
 .../google_cloud_storage/conf.ui-schema.json       |   81 ++
 .../cribl/collectors/google_cloud_storage/index.js |  119 ++
 .../cribl/collectors/health_check/conf.schema.json |  840 ++++++++++++
 .../collectors/health_check/conf.ui-schema.json    |  215 +++
 .../default/cribl/collectors/health_check/index.js |   42 +
 .../collectors/office365_mgmt/conf.schema.json     |   53 +
 .../collectors/office365_mgmt/conf.ui-schema.json  |   11 +
 .../cribl/collectors/office365_mgmt/index.js       |  202 +++
 .../collectors/office365_service/conf.schema.json  |   34 +
 .../office365_service/conf.ui-schema.json          |   11 +
 .../cribl/collectors/office365_service/index.js    |   84 ++
 .../cribl/collectors/prometheus/conf.schema.json   |  348 +++++
 .../collectors/prometheus/conf.ui-schema.json      |  135 ++
 .../default/cribl/collectors/prometheus/index.js   |   63 +
 .../default/cribl/collectors/rest/conf.schema.json | 1205 ++++++++++++++++
 .../cribl/collectors/rest/conf.ui-schema.json      |  254 ++++
 .../default/default/cribl/collectors/rest/index.js |   25 +
 .../default/cribl/collectors/s3/conf.schema.json   |  250 ++++
 .../cribl/collectors/s3/conf.ui-schema.json        |  134 ++
 .../default/default/cribl/collectors/s3/index.js   |   26 +
 .../cribl/collectors/script/conf.schema.json       |   55 +
 .../cribl/collectors/script/conf.ui-schema.json    |   30 +
 .../default/cribl/collectors/script/index.js       |  120 ++
 .../cribl/collectors/splunk/conf.schema.json       |  419 ++++++
 .../cribl/collectors/splunk/conf.ui-schema.json    |  141 ++
 .../default/cribl/collectors/splunk/index.js       |  109 ++
 groups/default/default/cribl/conditions/README     |   42 +
 .../conditions/backpressure-dest/conf.schema.json  |   25 +
 .../backpressure-dest/conf.ui-schema.json          |    8 +
 .../cribl/conditions/backpressure-dest/index.js    |  110 ++
 .../cribl/conditions/high-volume/conf.schema.json  |   31 +
 .../conditions/high-volume/conf.ui-schema.json     |    8 +
 .../default/cribl/conditions/high-volume/index.js  |  109 ++
 .../cribl/conditions/license-expiration/index.js   |   14 +
 .../cribl/conditions/low-volume/conf.schema.json   |   31 +
 .../conditions/low-volume/conf.ui-schema.json      |    8 +
 .../default/cribl/conditions/low-volume/index.js   |  109 ++
 .../cribl/conditions/no-data/conf.schema.json      |   25 +
 .../cribl/conditions/no-data/conf.ui-schema.json   |    8 +
 .../default/cribl/conditions/no-data/index.js      |  100 ++
 .../persistent-queue-usage/conf.schema.json        |   33 +
 .../persistent-queue-usage/conf.ui-schema.json     |    8 +
 .../conditions/persistent-queue-usage/index.js     |  109 ++
 .../cribl/conditions/search/conf.schema.json       |   42 +
 .../default/cribl/conditions/search/index.js       |   25 +
 .../conditions/unhealthy-dest/conf.schema.json     |   25 +
 .../conditions/unhealthy-dest/conf.ui-schema.json  |    8 +
 .../cribl/conditions/unhealthy-dest/index.js       |   98 ++
 groups/default/default/cribl/cribl.yml             |   26 +
 groups/default/default/cribl/dataset-providers.yml |   26 +
 groups/default/default/cribl/datasets.yml          |  110 ++
 groups/default/default/cribl/email-templates.yml   |   76 ++
 groups/default/default/cribl/executors/README      |   59 +
 .../cribl/executors/clear_pq/conf.schema.json      |   12 +
 .../default/cribl/executors/clear_pq/index.js      |   42 +
 .../executors/filesystem_search/conf.schema.json   |   68 +
 .../cribl/executors/filesystem_search/index.js     |  325 +++++
 .../executors/worker_upgrade/conf.schema.json      |   81 ++
 .../cribl/executors/worker_upgrade/index.js        |   86 ++
 groups/default/default/cribl/features.yml          |  210 +++
 groups/default/default/cribl/fleet-mappings.yml    |   14 +
 groups/default/default/cribl/functions/README      |   50 +
 .../cribl/functions/aggregation/conf.schema.json   |  143 ++
 .../functions/aggregation/conf.ui-schema.json      |   88 ++
 .../default/cribl/functions/aggregation/index.js   |  125 ++
 .../functions/auto_timestamp/conf.schema.json      |   94 ++
 .../functions/auto_timestamp/conf.ui-schema.json   |   87 ++
 .../cribl/functions/auto_timestamp/index.js        |   66 +
 .../default/cribl/functions/cef/conf.schema.json   |   69 +
 .../cribl/functions/cef/conf.ui-schema.json        |  224 +++
 .../default/default/cribl/functions/cef/index.js   |   84 ++
 .../default/cribl/functions/chain/conf.schema.json |   11 +
 .../cribl/functions/chain/conf.ui-schema.json      |   10 +
 .../default/default/cribl/functions/chain/index.js |   53 +
 .../default/cribl/functions/clone/conf.schema.json |   21 +
 .../cribl/functions/clone/conf.ui-schema.json      |   19 +
 .../default/default/cribl/functions/clone/index.js |   60 +
 .../default/cribl/functions/code/conf.schema.json  |   37 +
 .../cribl/functions/code/conf.ui-schema.json       |   22 +
 .../default/default/cribl/functions/code/index.js  |   82 ++
 .../cribl/functions/comment/conf.schema.json       |   12 +
 .../cribl/functions/comment/conf.ui-schema.json    |    9 +
 .../default/cribl/functions/comment/index.js       |    8 +
 .../cribl/functions/distinct/conf.schema.json      |   31 +
 .../default/cribl/functions/distinct/index.js      |  331 +++++
 .../cribl/functions/dns_lookup/conf.schema.json    |  100 ++
 .../cribl/functions/dns_lookup/conf.ui-schema.json |   84 ++
 .../default/cribl/functions/dns_lookup/index.js    |  296 ++++
 .../default/default/cribl/functions/drop/index.js  |    5 +
 .../functions/dynamic_sampling/conf.schema.json    |   42 +
 .../functions/dynamic_sampling/conf.ui-schema.json |   14 +
 .../cribl/functions/dynamic_sampling/index.js      |  127 ++
 .../default/cribl/functions/eval/conf.schema.json  |   46 +
 .../cribl/functions/eval/conf.ui-schema.json       |   35 +
 .../default/default/cribl/functions/eval/index.js  |  135 ++
 .../cribl/functions/event_breaker/conf.schema.json |  286 ++++
 .../functions/event_breaker/conf.ui-schema.json    |  112 ++
 .../default/cribl/functions/event_breaker/index.js |  107 ++
 .../cribl/functions/eventstats/conf.schema.json    |   31 +
 .../cribl/functions/eventstats/conf.ui-schema.json |   12 +
 .../default/cribl/functions/eventstats/index.js    |  269 ++++
 .../cribl/functions/externaldata/conf.schema.json  |    6 +
 .../default/cribl/functions/externaldata/index.js  |   12 +
 .../cribl/functions/flatten/conf.schema.json       |   38 +
 .../cribl/functions/flatten/conf.ui-schema.json    |   15 +
 .../default/cribl/functions/flatten/index.js       |   77 ++
 .../cribl/functions/gen_stats/conf.schema.json     |   13 +
 .../default/cribl/functions/gen_stats/index.js     |  178 +++
 .../default/cribl/functions/geoip/conf.schema.json |   52 +
 .../cribl/functions/geoip/conf.ui-schema.json      |   32 +
 .../default/default/cribl/functions/geoip/index.js |   76 ++
 .../default/cribl/functions/grok/conf.schema.json  |   35 +
 .../cribl/functions/grok/conf.ui-schema.json       |   22 +
 .../default/default/cribl/functions/grok/index.js  |   45 +
 .../default/cribl/functions/join/conf.schema.json  |   53 +
 .../cribl/functions/join/conf.ui-schema.json       |   22 +
 .../default/default/cribl/functions/join/index.js  |   21 +
 .../cribl/functions/json_unroll/conf.schema.json   |   17 +
 .../functions/json_unroll/conf.ui-schema.json      |    8 +
 .../default/cribl/functions/json_unroll/index.js   |   85 ++
 .../default/cribl/functions/limit/conf.schema.json |   14 +
 .../default/default/cribl/functions/limit/index.js |   33 +
 .../cribl/functions/lookup/conf.schema.json        |  119 ++
 .../cribl/functions/lookup/conf.ui-schema.json     |   76 ++
 .../default/cribl/functions/lookup/index.js        |  132 ++
 .../default/cribl/functions/mask/conf.schema.json  |   78 ++
 .../cribl/functions/mask/conf.ui-schema.json       |   64 +
 .../default/default/cribl/functions/mask/index.js  |  157 +++
 .../cribl/functions/mv_expand/conf.schema.json     |   45 +
 .../default/cribl/functions/mv_expand/index.js     |  142 ++
 .../cribl/functions/notifications/conf.schema.json |   23 +
 .../default/cribl/functions/notifications/index.js |   34 +
 .../cribl/functions/notify/conf.schema.json        |   87 ++
 .../default/cribl/functions/notify/index.js        |  182 +++
 .../cribl/functions/numerify/conf.schema.json      |   57 +
 .../cribl/functions/numerify/conf.ui-schema.json   |   19 +
 .../default/cribl/functions/numerify/index.js      |   53 +
 .../cribl/functions/otlp_metrics/conf.schema.json  |   12 +
 .../default/cribl/functions/otlp_metrics/index.js  |  103 ++
 .../default/cribl/functions/pack/conf.schema.json  |   19 +
 .../default/default/cribl/functions/pack/index.js  |   39 +
 .../default/cribl/functions/pivot/conf.schema.json |   27 +
 .../default/default/cribl/functions/pivot/index.js |  189 +++
 .../functions/publish_metrics/conf.schema.json     |   71 +
 .../functions/publish_metrics/conf.ui-schema.json  |   57 +
 .../cribl/functions/publish_metrics/index.js       |  136 ++
 .../default/cribl/functions/redis/conf.schema.json |  386 ++++++
 .../cribl/functions/redis/conf.ui-schema.json      |  149 ++
 .../default/default/cribl/functions/redis/index.js |   26 +
 .../cribl/functions/regex_extract/conf.schema.json |   55 +
 .../functions/regex_extract/conf.ui-schema.json    |   39 +
 .../default/cribl/functions/regex_extract/index.js |  189 +++
 .../cribl/functions/regex_filter/conf.schema.json  |   35 +
 .../functions/regex_filter/conf.ui-schema.json     |   18 +
 .../default/cribl/functions/regex_filter/index.js  |   42 +
 .../cribl/functions/rename/conf.schema.json        |   55 +
 .../cribl/functions/rename/conf.ui-schema.json     |   39 +
 .../default/cribl/functions/rename/index.js        |  144 ++
 .../functions/rollup_metrics/conf.schema.json      |   28 +
 .../functions/rollup_metrics/conf.ui-schema.json   |   11 +
 .../cribl/functions/rollup_metrics/index.js        |   44 +
 .../cribl/functions/sampling/conf.schema.json      |   31 +
 .../cribl/functions/sampling/conf.ui-schema.json   |   18 +
 .../default/cribl/functions/sampling/index.js      |   48 +
 .../default/cribl/functions/send/conf.schema.json  |   52 +
 .../default/default/cribl/functions/send/index.js  |  206 +++
 .../default/cribl/functions/serde/conf.schema.json |  250 ++++
 .../cribl/functions/serde/conf.ui-schema.json      |  126 ++
 .../default/cribl/functions/serde/fence.json       |    9 +
 .../default/default/cribl/functions/serde/index.js |  129 ++
 .../cribl/functions/serialize/conf.schema.json     |  113 ++
 .../cribl/functions/serialize/conf.ui-schema.json  |   39 +
 .../default/cribl/functions/serialize/index.js     |   77 ++
 .../default/cribl/functions/sort/conf.schema.json  |   34 +
 .../default/default/cribl/functions/sort/index.js  |  256 ++++
 .../default/cribl/functions/store/conf.schema.json |   65 +
 .../default/default/cribl/functions/store/index.js |  329 +++++
 .../cribl/functions/suppress/conf.schema.json      |   51 +
 .../cribl/functions/suppress/conf.ui-schema.json   |   15 +
 .../default/cribl/functions/suppress/index.js      |  158 +++
 .../default/cribl/functions/tee/conf.schema.json   |   35 +
 .../cribl/functions/tee/conf.ui-schema.json        |   19 +
 .../default/default/cribl/functions/tee/index.js   |  178 +++
 .../functions/trim_timestamp/conf.schema.json      |   11 +
 .../functions/trim_timestamp/conf.ui-schema.json   |    5 +
 .../cribl/functions/trim_timestamp/index.js        |   32 +
 .../cribl/functions/unroll/conf.schema.json        |   20 +
 .../cribl/functions/unroll/conf.ui-schema.json     |    8 +
 .../default/cribl/functions/unroll/index.js        |   27 +
 .../cribl/functions/xml_unroll/conf.schema.json    |   29 +
 .../cribl/functions/xml_unroll/conf.ui-schema.json |   10 +
 .../default/cribl/functions/xml_unroll/index.js    |  124 ++
 groups/default/default/cribl/grok-patterns/aws     |   14 +
 .../default/cribl/grok-patterns/core-patterns      |   95 ++
 .../default/default/cribl/grok-patterns/firewalls  |   91 ++
 groups/default/default/cribl/grok-patterns/httpd   |   15 +
 groups/default/default/cribl/grok-patterns/java    |   17 +
 .../default/cribl/grok-patterns/linux-syslog       |   17 +
 groups/default/default/cribl/inputs.yml            |  154 +++
 groups/default/default/cribl/job-limits.yml        |    6 +
 groups/default/default/cribl/kms.yml               |    1 +
 groups/default/default/cribl/licenses.yml          |    1 +
 groups/default/default/cribl/limits.yml            |   25 +
 groups/default/default/cribl/logger.yml            |    7 +
 groups/default/default/cribl/mappings.yml          |   14 +
 groups/default/default/cribl/mdt-devices.yml       |    8 +
 .../default/cribl/notification-templates.yml       |  153 +++
 groups/default/default/cribl/notifications.yml     |    9 +
 groups/default/default/cribl/outputs.yml           |    6 +
 groups/default/default/cribl/package.json          |    4 +
 groups/default/default/cribl/parquet-schemas.yml   |   14 +
 .../sample_compression_encoding.json               |  100 ++
 .../parquet-schemas/sample_logical_types.json      |   75 +
 .../cribl/parquet-schemas/sample_nested.json       |   30 +
 .../cribl/parquet-schemas/sample_parquet.json      |   20 +
 .../cribl/parquet-schemas/sample_primitive.json    |   28 +
 .../parquet-schemas/sample_repetition_type.json    |   19 +
 .../cribl/parquet-schemas/syslog_parquet.json      |   48 +
 groups/default/default/cribl/parsers.yml           |  374 +++++
 .../default/cribl/pipelines/cisco_asa/conf.yml     |   77 ++
 .../cribl/pipelines/cisco_estreamer/conf.yml       |   61 +
 .../cribl/pipelines/cribl_metrics_rollup/conf.yml  |   34 +
 .../default/cribl/pipelines/devnull/conf.yml       |    4 +
 .../default/default/cribl/pipelines/main/conf.yml  |   12 +
 .../cribl/pipelines/palo_alto_traffic/conf.yml     |   60 +
 .../default/cribl/pipelines/passthru/conf.yml      |    2 +
 .../cribl/pipelines/prometheus_metrics/conf.yml    |   36 +
 .../default/cribl/pipelines/wineventlogs/conf.yml  |   75 +
 groups/default/default/cribl/policies.yml          |  409 ++++++
 .../default/default/cribl/protobuf-libraries.yml   |   28 +
 .../default/default/cribl/redis-cache-limits.yml   |    6 +
 groups/default/default/cribl/regexes.yml           |  218 +++
 groups/default/default/cribl/roles.yml             |  174 +++
 groups/default/default/cribl/samples.yml           |  139 ++
 groups/default/default/cribl/saved-queries.yml     |   15 +
 groups/default/default/cribl/schemas.yml           |    4 +
 .../default/cribl/schemas/cribl_internal.json      |   29 +
 .../default/cribl/schemas/sample_schema.json       |   23 +
 groups/default/default/cribl/search-limits.yml     |   65 +
 .../default/default/cribl/search-usage-groups.yml  |   18 +
 groups/default/default/cribl/service.yml           |    9 +
 groups/default/default/cribl/vars.yml              |   42 +
 304 files changed, 25439 insertions(+)

commit 0b88a03
Author: Da Xu <cribl-test@cribl.io>
Date:   Fri Mar 29 09:39:21 2024 -0700

    Initial commit.

 .gitignore                                         |   23 +
 .../lookups/model_relative_entropy_top_domains.csv |   39 +
 data/lookups/service_names_port_numbers.csv        | 1434 ++++++++++++++++++++
 data/packs/HelloPacks/lookups/http_status.csv      |   41 +
 data/packs/HelloPacks/lookups/http_status.yml      |    2 +
 data/packs/HelloPacks/samples/6rt3ck.json          |    1 +
 .../lib/mdt_dialout/mdt_grpc_dialout.proto         |  216 +++
 .../lib/telemetry/telemetry.proto                  |  195 +++
 .../mdt-generic-device/manifest.json               |   18 +
 data/protobuf-libraries/opentelemetry/.gitignore   |    3 +
 .../proto/collector/logs/v1/logs_service.proto     |   48 +
 .../collector/metrics/v1/metrics_service.proto     |   45 +
 .../proto/collector/trace/v1/trace_service.proto   |   45 +
 .../lib/opentelemetry/proto/common/v1/common.proto |   81 ++
 .../lib/opentelemetry/proto/logs/v1/logs.proto     |  140 ++
 .../opentelemetry/proto/metrics/v1/metrics.proto   |  719 ++++++++++
 .../opentelemetry/proto/resource/v1/resource.proto |   34 +
 .../lib/opentelemetry/proto/trace/v1/trace.proto   |  326 +++++
 .../proto/trace/v1/trace_config.proto              |   78 ++
 .../protobuf-libraries/opentelemetry/manifest.json |  111 ++
 data/samples/apache_common.json                    |    1 +
 data/samples/apache_error.json                     |    1 +
 data/samples/appscope_metrics.json                 |    1 +
 data/samples/big_json.json                         |    1 +
 data/samples/business_event.json                   |    1 +
 data/samples/model_driven_telemetry.json           |    7 +
 data/samples/palo_alto_traffic.json                |    1 +
 data/samples/parquet_compression.json              |    1 +
 data/samples/parquet_logical.json                  |    1 +
 data/samples/parquet_nested.json                   |    1 +
 data/samples/parquet_primitives.json               |    1 +
 data/samples/parquet_repeated.json                 |    6 +
 data/samples/sample_metrics.json                   |    1 +
 data/samples/sentinel_commonsecuritylog.json       |    1 +
 data/samples/sentinel_securityevents.json          |    1 +
 data/samples/sentinel_syslog.json                  |    1 +
 data/samples/sentinel_windowsevents.json           |    1 +
 data/samples/snmp-v1.json                          |    1 +
 data/samples/snmp-v2c.json                         |    1 +
 data/samples/snmp-v3.json                          |    1 +
 data/samples/syslog.json                           |    1 +
 data/samples/weblog.json                           |    1 +
 default/HelloPacks/README.md                       |   45 +
 default/HelloPacks/pack.yml                        |    1 +
 default/HelloPacks/package.json                    |    1 +
 .../pipelines/apache_sample_pipeline/conf.yml      |   44 +
 default/HelloPacks/pipelines/route.yml             |   21 +
 default/HelloPacks/samples.yml                     |    6 +
 default/cribl/appscope.yml                         |  384 ++++++
 default/cribl/breakers-search.yml                  | 1224 +++++++++++++++++
 default/cribl/breakers.yml                         |  340 +++++
 .../cribl/collectors/azure_blob/conf.schema.json   |  132 ++
 .../collectors/azure_blob/conf.ui-schema.json      |   85 ++
 default/cribl/collectors/azure_blob/index.js       |  106 ++
 .../cribl/collectors/cribl_lake/conf.schema.json   |   17 +
 .../collectors/cribl_lake/conf.ui-schema.json      |   12 +
 default/cribl/collectors/cribl_lake/index.js       |   51 +
 default/cribl/collectors/database/conf.schema.json |   76 ++
 .../cribl/collectors/database/conf.ui-schema.json  |   37 +
 default/cribl/collectors/database/index.js         |  176 +++
 .../cribl/collectors/filesystem/conf.schema.json   |   60 +
 .../collectors/filesystem/conf.ui-schema.json      |   38 +
 default/cribl/collectors/filesystem/index.js       |   90 ++
 .../google_cloud_storage/conf.schema.json          |  130 ++
 .../google_cloud_storage/conf.ui-schema.json       |   81 ++
 .../cribl/collectors/google_cloud_storage/index.js |  119 ++
 .../cribl/collectors/health_check/conf.schema.json |  840 ++++++++++++
 .../collectors/health_check/conf.ui-schema.json    |  215 +++
 default/cribl/collectors/health_check/index.js     |   42 +
 .../collectors/office365_mgmt/conf.schema.json     |   53 +
 .../collectors/office365_mgmt/conf.ui-schema.json  |   11 +
 default/cribl/collectors/office365_mgmt/index.js   |  202 +++
 .../collectors/office365_service/conf.schema.json  |   34 +
 .../office365_service/conf.ui-schema.json          |   11 +
 .../cribl/collectors/office365_service/index.js    |   84 ++
 .../cribl/collectors/prometheus/conf.schema.json   |  348 +++++
 .../collectors/prometheus/conf.ui-schema.json      |  135 ++
 default/cribl/collectors/prometheus/index.js       |   63 +
 default/cribl/collectors/rest/conf.schema.json     | 1205 ++++++++++++++++
 default/cribl/collectors/rest/conf.ui-schema.json  |  254 ++++
 default/cribl/collectors/rest/index.js             |   25 +
 default/cribl/collectors/s3/conf.schema.json       |  250 ++++
 default/cribl/collectors/s3/conf.ui-schema.json    |  134 ++
 default/cribl/collectors/s3/index.js               |   26 +
 default/cribl/collectors/script/conf.schema.json   |   55 +
 .../cribl/collectors/script/conf.ui-schema.json    |   30 +
 default/cribl/collectors/script/index.js           |  120 ++
 default/cribl/collectors/splunk/conf.schema.json   |  419 ++++++
 .../cribl/collectors/splunk/conf.ui-schema.json    |  141 ++
 default/cribl/collectors/splunk/index.js           |  109 ++
 default/cribl/conditions/README                    |   42 +
 .../conditions/backpressure-dest/conf.schema.json  |   25 +
 .../backpressure-dest/conf.ui-schema.json          |    8 +
 .../cribl/conditions/backpressure-dest/index.js    |  110 ++
 .../cribl/conditions/high-volume/conf.schema.json  |   31 +
 .../conditions/high-volume/conf.ui-schema.json     |    8 +
 default/cribl/conditions/high-volume/index.js      |  109 ++
 .../cribl/conditions/license-expiration/index.js   |   14 +
 .../cribl/conditions/low-volume/conf.schema.json   |   31 +
 .../conditions/low-volume/conf.ui-schema.json      |    8 +
 default/cribl/conditions/low-volume/index.js       |  109 ++
 default/cribl/conditions/no-data/conf.schema.json  |   25 +
 .../cribl/conditions/no-data/conf.ui-schema.json   |    8 +
 default/cribl/conditions/no-data/index.js          |  100 ++
 .../persistent-queue-usage/conf.schema.json        |   33 +
 .../persistent-queue-usage/conf.ui-schema.json     |    8 +
 .../conditions/persistent-queue-usage/index.js     |  109 ++
 default/cribl/conditions/search/conf.schema.json   |   42 +
 default/cribl/conditions/search/index.js           |   25 +
 .../conditions/unhealthy-dest/conf.schema.json     |   25 +
 .../conditions/unhealthy-dest/conf.ui-schema.json  |    8 +
 default/cribl/conditions/unhealthy-dest/index.js   |   98 ++
 default/cribl/cribl.yml                            |   26 +
 default/cribl/dataset-providers.yml                |   26 +
 default/cribl/datasets.yml                         |  110 ++
 default/cribl/email-templates.yml                  |   76 ++
 default/cribl/executors/README                     |   59 +
 default/cribl/executors/clear_pq/conf.schema.json  |   12 +
 default/cribl/executors/clear_pq/index.js          |   42 +
 .../executors/filesystem_search/conf.schema.json   |   68 +
 default/cribl/executors/filesystem_search/index.js |  325 +++++
 .../executors/worker_upgrade/conf.schema.json      |   81 ++
 default/cribl/executors/worker_upgrade/index.js    |   86 ++
 default/cribl/features.yml                         |  210 +++
 default/cribl/fleet-mappings.yml                   |   14 +
 default/cribl/functions/README                     |   50 +
 .../cribl/functions/aggregation/conf.schema.json   |  143 ++
 .../functions/aggregation/conf.ui-schema.json      |   88 ++
 default/cribl/functions/aggregation/index.js       |  125 ++
 .../functions/auto_timestamp/conf.schema.json      |   94 ++
 .../functions/auto_timestamp/conf.ui-schema.json   |   87 ++
 default/cribl/functions/auto_timestamp/index.js    |   66 +
 default/cribl/functions/cef/conf.schema.json       |   69 +
 default/cribl/functions/cef/conf.ui-schema.json    |  224 +++
 default/cribl/functions/cef/index.js               |   84 ++
 default/cribl/functions/chain/conf.schema.json     |   11 +
 default/cribl/functions/chain/conf.ui-schema.json  |   10 +
 default/cribl/functions/chain/index.js             |   53 +
 default/cribl/functions/clone/conf.schema.json     |   21 +
 default/cribl/functions/clone/conf.ui-schema.json  |   19 +
 default/cribl/functions/clone/index.js             |   60 +
 default/cribl/functions/code/conf.schema.json      |   37 +
 default/cribl/functions/code/conf.ui-schema.json   |   22 +
 default/cribl/functions/code/index.js              |   82 ++
 default/cribl/functions/comment/conf.schema.json   |   12 +
 .../cribl/functions/comment/conf.ui-schema.json    |    9 +
 default/cribl/functions/comment/index.js           |    8 +
 default/cribl/functions/distinct/conf.schema.json  |   31 +
 default/cribl/functions/distinct/index.js          |  331 +++++
 .../cribl/functions/dns_lookup/conf.schema.json    |  100 ++
 .../cribl/functions/dns_lookup/conf.ui-schema.json |   84 ++
 default/cribl/functions/dns_lookup/index.js        |  296 ++++
 default/cribl/functions/drop/index.js              |    5 +
 .../functions/dynamic_sampling/conf.schema.json    |   42 +
 .../functions/dynamic_sampling/conf.ui-schema.json |   14 +
 default/cribl/functions/dynamic_sampling/index.js  |  127 ++
 default/cribl/functions/eval/conf.schema.json      |   46 +
 default/cribl/functions/eval/conf.ui-schema.json   |   35 +
 default/cribl/functions/eval/index.js              |  135 ++
 .../cribl/functions/event_breaker/conf.schema.json |  286 ++++
 .../functions/event_breaker/conf.ui-schema.json    |  112 ++
 default/cribl/functions/event_breaker/index.js     |  107 ++
 .../cribl/functions/eventstats/conf.schema.json    |   31 +
 .../cribl/functions/eventstats/conf.ui-schema.json |   12 +
 default/cribl/functions/eventstats/index.js        |  269 ++++
 .../cribl/functions/externaldata/conf.schema.json  |    6 +
 default/cribl/functions/externaldata/index.js      |   12 +
 default/cribl/functions/flatten/conf.schema.json   |   38 +
 .../cribl/functions/flatten/conf.ui-schema.json    |   15 +
 default/cribl/functions/flatten/index.js           |   77 ++
 default/cribl/functions/gen_stats/conf.schema.json |   13 +
 default/cribl/functions/gen_stats/index.js         |  178 +++
 default/cribl/functions/geoip/conf.schema.json     |   52 +
 default/cribl/functions/geoip/conf.ui-schema.json  |   32 +
 default/cribl/functions/geoip/index.js             |   76 ++
 default/cribl/functions/grok/conf.schema.json      |   35 +
 default/cribl/functions/grok/conf.ui-schema.json   |   22 +
 default/cribl/functions/grok/index.js              |   45 +
 default/cribl/functions/join/conf.schema.json      |   53 +
 default/cribl/functions/join/conf.ui-schema.json   |   22 +
 default/cribl/functions/join/index.js              |   21 +
 .../cribl/functions/json_unroll/conf.schema.json   |   17 +
 .../functions/json_unroll/conf.ui-schema.json      |    8 +
 default/cribl/functions/json_unroll/index.js       |   85 ++
 default/cribl/functions/limit/conf.schema.json     |   14 +
 default/cribl/functions/limit/index.js             |   33 +
 default/cribl/functions/lookup/conf.schema.json    |  119 ++
 default/cribl/functions/lookup/conf.ui-schema.json |   76 ++
 default/cribl/functions/lookup/index.js            |  132 ++
 default/cribl/functions/mask/conf.schema.json      |   78 ++
 default/cribl/functions/mask/conf.ui-schema.json   |   64 +
 default/cribl/functions/mask/index.js              |  157 +++
 default/cribl/functions/mv_expand/conf.schema.json |   45 +
 default/cribl/functions/mv_expand/index.js         |  142 ++
 .../cribl/functions/notifications/conf.schema.json |   23 +
 default/cribl/functions/notifications/index.js     |   34 +
 default/cribl/functions/notify/conf.schema.json    |   87 ++
 default/cribl/functions/notify/index.js            |  182 +++
 default/cribl/functions/numerify/conf.schema.json  |   57 +
 .../cribl/functions/numerify/conf.ui-schema.json   |   19 +
 default/cribl/functions/numerify/index.js          |   53 +
 .../cribl/functions/otlp_metrics/conf.schema.json  |   12 +
 default/cribl/functions/otlp_metrics/index.js      |  103 ++
 default/cribl/functions/pack/conf.schema.json      |   19 +
 default/cribl/functions/pack/index.js              |   39 +
 default/cribl/functions/pivot/conf.schema.json     |   27 +
 default/cribl/functions/pivot/index.js             |  189 +++
 .../functions/publish_metrics/conf.schema.json     |   71 +
 .../functions/publish_metrics/conf.ui-schema.json  |   57 +
 default/cribl/functions/publish_metrics/index.js   |  136 ++
 default/cribl/functions/redis/conf.schema.json     |  386 ++++++
 default/cribl/functions/redis/conf.ui-schema.json  |  149 ++
 default/cribl/functions/redis/index.js             |   26 +
 .../cribl/functions/regex_extract/conf.schema.json |   55 +
 .../functions/regex_extract/conf.ui-schema.json    |   39 +
 default/cribl/functions/regex_extract/index.js     |  189 +++
 .../cribl/functions/regex_filter/conf.schema.json  |   35 +
 .../functions/regex_filter/conf.ui-schema.json     |   18 +
 default/cribl/functions/regex_filter/index.js      |   42 +
 default/cribl/functions/rename/conf.schema.json    |   55 +
 default/cribl/functions/rename/conf.ui-schema.json |   39 +
 default/cribl/functions/rename/index.js            |  144 ++
 .../functions/rollup_metrics/conf.schema.json      |   28 +
 .../functions/rollup_metrics/conf.ui-schema.json   |   11 +
 default/cribl/functions/rollup_metrics/index.js    |   44 +
 default/cribl/functions/sampling/conf.schema.json  |   31 +
 .../cribl/functions/sampling/conf.ui-schema.json   |   18 +
 default/cribl/functions/sampling/index.js          |   48 +
 default/cribl/functions/send/conf.schema.json      |   52 +
 default/cribl/functions/send/index.js              |  206 +++
 default/cribl/functions/serde/conf.schema.json     |  250 ++++
 default/cribl/functions/serde/conf.ui-schema.json  |  126 ++
 default/cribl/functions/serde/fence.json           |    9 +
 default/cribl/functions/serde/index.js             |  129 ++
 default/cribl/functions/serialize/conf.schema.json |  113 ++
 .../cribl/functions/serialize/conf.ui-schema.json  |   39 +
 default/cribl/functions/serialize/index.js         |   77 ++
 default/cribl/functions/sort/conf.schema.json      |   34 +
 default/cribl/functions/sort/index.js              |  256 ++++
 default/cribl/functions/store/conf.schema.json     |   65 +
 default/cribl/functions/store/index.js             |  329 +++++
 default/cribl/functions/suppress/conf.schema.json  |   51 +
 .../cribl/functions/suppress/conf.ui-schema.json   |   15 +
 default/cribl/functions/suppress/index.js          |  158 +++
 default/cribl/functions/tee/conf.schema.json       |   35 +
 default/cribl/functions/tee/conf.ui-schema.json    |   19 +
 default/cribl/functions/tee/index.js               |  178 +++
 .../functions/trim_timestamp/conf.schema.json      |   11 +
 .../functions/trim_timestamp/conf.ui-schema.json   |    5 +
 default/cribl/functions/trim_timestamp/index.js    |   32 +
 default/cribl/functions/unroll/conf.schema.json    |   20 +
 default/cribl/functions/unroll/conf.ui-schema.json |    8 +
 default/cribl/functions/unroll/index.js            |   27 +
 .../cribl/functions/xml_unroll/conf.schema.json    |   29 +
 .../cribl/functions/xml_unroll/conf.ui-schema.json |   10 +
 default/cribl/functions/xml_unroll/index.js        |  124 ++
 default/cribl/grok-patterns/aws                    |   14 +
 default/cribl/grok-patterns/core-patterns          |   95 ++
 default/cribl/grok-patterns/firewalls              |   91 ++
 default/cribl/grok-patterns/httpd                  |   15 +
 default/cribl/grok-patterns/java                   |   17 +
 default/cribl/grok-patterns/linux-syslog           |   17 +
 default/cribl/inputs.yml                           |  154 +++
 default/cribl/job-limits.yml                       |    6 +
 default/cribl/kms.yml                              |    1 +
 default/cribl/licenses.yml                         |    1 +
 default/cribl/limits.yml                           |   25 +
 default/cribl/logger.yml                           |    7 +
 default/cribl/mappings.yml                         |   14 +
 default/cribl/mdt-devices.yml                      |    8 +
 default/cribl/notification-templates.yml           |  153 +++
 default/cribl/notifications.yml                    |    9 +
 default/cribl/outputs.yml                          |    6 +
 default/cribl/package.json                         |    4 +
 default/cribl/parquet-schemas.yml                  |   14 +
 .../sample_compression_encoding.json               |  100 ++
 .../parquet-schemas/sample_logical_types.json      |   75 +
 default/cribl/parquet-schemas/sample_nested.json   |   30 +
 default/cribl/parquet-schemas/sample_parquet.json  |   20 +
 .../cribl/parquet-schemas/sample_primitive.json    |   28 +
 .../parquet-schemas/sample_repetition_type.json    |   19 +
 default/cribl/parquet-schemas/syslog_parquet.json  |   48 +
 default/cribl/parsers.yml                          |  374 +++++
 default/cribl/pipelines/cisco_asa/conf.yml         |   77 ++
 default/cribl/pipelines/cisco_estreamer/conf.yml   |   61 +
 .../cribl/pipelines/cribl_metrics_rollup/conf.yml  |   34 +
 default/cribl/pipelines/devnull/conf.yml           |    4 +
 default/cribl/pipelines/main/conf.yml              |   12 +
 default/cribl/pipelines/palo_alto_traffic/conf.yml |   60 +
 default/cribl/pipelines/passthru/conf.yml          |    2 +
 .../cribl/pipelines/prometheus_metrics/conf.yml    |   36 +
 default/cribl/pipelines/wineventlogs/conf.yml      |   75 +
 default/cribl/policies.yml                         |  409 ++++++
 default/cribl/protobuf-libraries.yml               |   28 +
 default/cribl/redis-cache-limits.yml               |    6 +
 default/cribl/regexes.yml                          |  218 +++
 default/cribl/roles.yml                            |  174 +++
 default/cribl/samples.yml                          |  139 ++
 default/cribl/saved-queries.yml                    |   15 +
 default/cribl/schemas.yml                          |    4 +
 default/cribl/schemas/cribl_internal.json          |   29 +
 default/cribl/schemas/sample_schema.json           |   23 +
 default/cribl/search-limits.yml                    |   65 +
 default/cribl/search-usage-groups.yml              |   18 +
 default/cribl/service.yml                          |    9 +
 default/cribl/vars.yml                             |   42 +
 default/edge/breakers.yml                          |   18 +
 default/edge/cribl.yml                             |   36 +
 default/edge/inputs.yml                            |  100 ++
 default/edge/job-limits.yml                        |    2 +
 default/edge/limits.yml                            |    7 +
 default/edge/package.json                          |    4 +
 default/edge/pipelines/kubernetes_logs/conf.yml    |    8 +
 local/_system/instance.yml                         |    6 +
 local/cribl/auth/676f6174733432.dat                |    1 +
 local/cribl/auth/cribl.secret                      |    1 +
 local/cribl/cribl.inited                           |    0
 317 files changed, 26869 insertions(+)
